# JRE version: OpenJDK Runtime Environment Microsoft-8035246 (17.0.8+7) (build 17.0.8+7-LTS)
# Java VM: OpenJDK 64-Bit Server VM Microsoft-8035246 (17.0.8+7-LTS, mixed mode, sharing, tiered, compressed oops, compressed class ptrs, g1 gc, windows-amd64)
GC Precious Log:
 CPUs: 4 total, 4 available
 Memory: 8085M
 Large Page Support: Disabled
 NUMA Support: Disabled
 Compressed Oops: Enabled (32-bit)
 Heap Region Size: 1M
 Heap Min Capacity: 8M
 Heap Initial Capacity: 128M
 Heap Max Capacity: 2G
 Pre-touch: Disabled
 Parallel Workers: 4
 Concurrent Workers: 1
 Concurrent Refinement Workers: 4
 Periodic GC: Disabled
Heap:
 garbage-first heap   total 352256K, used 226176K [0x0000000080000000, 0x0000000100000000)
  region size 1024K, 50 young (51200K), 8 survivors (8192K)
 Metaspace       used 104896K, committed 106048K, reserved 557056K
  class space    used 14561K, committed 15104K, reserved 425984K
GC Heap History (20 events):
Event: 30.073 GC heap before
{Heap before GC invocations=38 (full 0):
 garbage-first heap   total 190464K, used 133802K [0x0000000080000000, 0x0000000100000000)
  region size 1024K, 45 young (46080K), 1 survivors (1024K)
 Metaspace       used 82162K, committed 82880K, reserved 557056K
  class space    used 11367K, committed 11712K, reserved 425984K
}
Event: 30.082 GC heap after
{Heap after GC invocations=39 (full 0):
 garbage-first heap   total 190464K, used 90158K [0x0000000080000000, 0x0000000100000000)
  region size 1024K, 2 young (2048K), 2 survivors (2048K)
 Metaspace       used 82162K, committed 82880K, reserved 557056K
  class space    used 11367K, committed 11712K, reserved 425984K
}
Event: 36.663 GC heap before
{Heap before GC invocations=40 (full 0):
 garbage-first heap   total 190464K, used 138286K [0x0000000080000000, 0x0000000100000000)
  region size 1024K, 49 young (50176K), 2 survivors (2048K)
 Metaspace       used 82715K, committed 83520K, reserved 557056K
  class space    used 11453K, committed 11840K, reserved 425984K
}
Event: 36.673 GC heap after
{Heap after GC invocations=41 (full 0):
 garbage-first heap   total 190464K, used 94359K [0x0000000080000000, 0x0000000100000000)
  region size 1024K, 7 young (7168K), 7 survivors (7168K)
 Metaspace       used 82715K, committed 83520K, reserved 557056K
  class space    used 11453K, committed 11840K, reserved 425984K
}
Event: 36.706 GC heap before
{Heap before GC invocations=41 (full 0):
 garbage-first heap   total 190464K, used 96407K [0x0000000080000000, 0x0000000100000000)
  region size 1024K, 9 young (9216K), 7 survivors (7168K)
 Metaspace       used 82856K, committed 83584K, reserved 557056K
  class space    used 11480K, committed 11840K, reserved 425984K
}
Event: 36.716 GC heap after
{Heap after GC invocations=42 (full 0):
 garbage-first heap   total 190464K, used 94777K [0x0000000080000000, 0x0000000100000000)
  region size 1024K, 1 young (1024K), 1 survivors (1024K)
 Metaspace       used 82856K, committed 83584K, reserved 557056K
  class space    used 11480K, committed 11840K, reserved 425984K
}
Event: 37.554 GC heap before
{Heap before GC invocations=42 (full 0):
 garbage-first heap   total 190464K, used 144953K [0x0000000080000000, 0x0000000100000000)
  region size 1024K, 49 young (50176K), 1 survivors (1024K)
 Metaspace       used 86059K, committed 86784K, reserved 557056K
  class space    used 11944K, committed 12288K, reserved 425984K
}
Event: 37.560 GC heap after
{Heap after GC invocations=43 (full 0):
 garbage-first heap   total 380928K, used 95351K [0x0000000080000000, 0x0000000100000000)
  region size 1024K, 2 young (2048K), 2 survivors (2048K)
 Metaspace       used 86059K, committed 86784K, reserved 557056K
  class space    used 11944K, committed 12288K, reserved 425984K
}
Event: 41.337 GC heap before
{Heap before GC invocations=44 (full 0):
 garbage-first heap   total 352256K, used 270455K [0x0000000080000000, 0x0000000100000000)
  region size 1024K, 169 young (173056K), 2 survivors (2048K)
 Metaspace       used 94662K, committed 95488K, reserved 557056K
  class space    used 13223K, committed 13632K, reserved 425984K
}
Event: 41.363 GC heap after
{Heap after GC invocations=45 (full 0):
 garbage-first heap   total 352256K, used 121136K [0x0000000080000000, 0x0000000100000000)
  region size 1024K, 22 young (22528K), 22 survivors (22528K)
 Metaspace       used 94662K, committed 95488K, reserved 557056K
  class space    used 13223K, committed 13632K, reserved 425984K
}
Event: 41.389 GC heap before
{Heap before GC invocations=45 (full 0):
 garbage-first heap   total 352256K, used 122160K [0x0000000080000000, 0x0000000100000000)
  region size 1024K, 23 young (23552K), 22 survivors (22528K)
 Metaspace       used 94712K, committed 95552K, reserved 557056K
  class space    used 13239K, committed 13632K, reserved 425984K
}
Event: 41.412 GC heap after
{Heap after GC invocations=46 (full 0):
 garbage-first heap   total 352256K, used 123281K [0x0000000080000000, 0x0000000100000000)
  region size 1024K, 2 young (2048K), 2 survivors (2048K)
 Metaspace       used 94712K, committed 95552K, reserved 557056K
  class space    used 13239K, committed 13632K, reserved 425984K
}
Event: 44.507 GC heap before
{Heap before GC invocations=46 (full 0):
 garbage-first heap   total 352256K, used 263569K [0x0000000080000000, 0x0000000100000000)
  region size 1024K, 134 young (137216K), 2 survivors (2048K)
 Metaspace       used 96951K, committed 97920K, reserved 557056K
  class space    used 13491K, committed 13952K, reserved 425984K
}
Event: 44.540 GC heap after
{Heap after GC invocations=47 (full 0):
 garbage-first heap   total 352256K, used 155136K [0x0000000080000000, 0x0000000100000000)
  region size 1024K, 17 young (17408K), 17 survivors (17408K)
 Metaspace       used 96951K, committed 97920K, reserved 557056K
  class space    used 13491K, committed 13952K, reserved 425984K
}
Event: 46.533 GC heap before
{Heap before GC invocations=47 (full 0):
 garbage-first heap   total 352256K, used 259584K [0x0000000080000000, 0x0000000100000000)
  region size 1024K, 119 young (121856K), 17 survivors (17408K)
 Metaspace       used 102746K, committed 103872K, reserved 557056K
  class space    used 14315K, committed 14848K, reserved 425984K
}
Event: 46.566 GC heap after
{Heap after GC invocations=48 (full 0):
 garbage-first heap   total 352256K, used 165308K [0x0000000080000000, 0x0000000100000000)
  region size 1024K, 10 young (10240K), 10 survivors (10240K)
 Metaspace       used 102746K, committed 103872K, reserved 557056K
  class space    used 14315K, committed 14848K, reserved 425984K
}
Event: 48.222 GC heap before
{Heap before GC invocations=48 (full 0):
 garbage-first heap   total 352256K, used 268732K [0x0000000080000000, 0x0000000100000000)
  region size 1024K, 111 young (113664K), 10 survivors (10240K)
 Metaspace       used 104196K, committed 105344K, reserved 557056K
  class space    used 14491K, committed 15040K, reserved 425984K
}
Event: 48.256 GC heap after
{Heap after GC invocations=49 (full 0):
 garbage-first heap   total 352256K, used 176516K [0x0000000080000000, 0x0000000100000000)
  region size 1024K, 10 young (10240K), 10 survivors (10240K)
 Metaspace       used 104196K, committed 105344K, reserved 557056K
  class space    used 14491K, committed 15040K, reserved 425984K
}
Event: 50.302 GC heap before
{Heap before GC invocations=49 (full 0):
 garbage-first heap   total 352256K, used 278916K [0x0000000080000000, 0x0000000100000000)
  region size 1024K, 106 young (108544K), 10 survivors (10240K)
 Metaspace       used 104718K, committed 105856K, reserved 557056K
  class space    used 14550K, committed 15104K, reserved 425984K
}
Event: 50.337 GC heap after
{Heap after GC invocations=50 (full 0):
 garbage-first heap   total 352256K, used 185216K [0x0000000080000000, 0x0000000100000000)
  region size 1024K, 8 young (8192K), 8 survivors (8192K)
 Metaspace       used 104718K, committed 105856K, reserved 557056K
  class space    used 14550K, committed 15104K, reserved 425984K
}

